Pages: 
	
	Home:
				title-pc: Y
				nav-pc: Y
				mini-content-pc: Y
				title-mob.: Y
				nav-mob.: Y
				mini-content-mob.: Y
	
	Stedentrips:
				title-pc: Y
				nav + active button-pc: Y
				3 x img + content-pc: Y
				background-pc: Y
				title-mob.: Y
				nav + active button-mob.: Y
				3 x img + content-mob.: Y
				background-mob.: Y
	
	Contact:		
				title-pc: Y
				nav-pc: Y
				userinput-pc: Y
				mailto-pc: Y
				background-pc: Y
				title-mob.:
				nav-mob.:
				userinput-mob.:
				mailto-mob.:
				background-mob.:
		


Screen~Compatable:
			Pages:
				Home: Y
				Last Minute: N
				Verre Reisen: N
				Tickets: N
				Contact: N
				Stedentrips: Y
				Zonvakanties: N
